<?xml version="1.0" encoding="UTF-8"?>
<!-- Generated by org.testng.reporters.JUnitXMLReporter -->
<testsuite hostname="DESKTOP-INQUNRP" ignored="2" name="Grouping Test" tests="1" failures="0" timestamp="2021-05-23T15:08:11 EDT" time="0.15" errors="0">
  <testcase name="loginTest" time="0.024" classname="com.ChaseBankTestNgGroup.Group1"/>
  <testcase name="dropdownTest" time="0.0" classname="com.ChaseBankTestNgGroup.Group1">
    <ignored/>
  </testcase> <!-- dropdownTest -->
  <testcase name="mouseHoverTest" time="0.0" classname="com.ChaseBankTestNgGroup.Group1">
    <ignored/>
  </testcase> <!-- mouseHoverTest -->
</testsuite> <!-- Grouping Test -->
