<?xml version="1.0" encoding="UTF-8"?>
<!-- Generated by org.testng.reporters.JUnitXMLReporter -->
<testsuite ignored="0" hostname="DESKTOP-6ST94J7" failures="0" tests="4" name="Default test" time="12.617" errors="0" timestamp="2021-04-12T00:07:12 EDT">
  <testcase classname="com.ChaseBankReturnTypeSafa.TestNgAttributes" name="openApplication" time="4.706"/>
  <testcase classname="com.ChaseBankReturnTypeSafa.TestNgAttributes" name="getUrl" time="0.045"/>
  <testcase classname="com.ChaseBankReturnTypeSafa.TestNgAttributes" name="getUrl" time="0.018"/>
  <testcase classname="com.ChaseBankReturnTypeSafa.TestNgAttributes" name="getTitle" time="0.014"/>
</testsuite> <!-- Default test -->
