<?xml version="1.0" encoding="UTF-8"?>
<!-- Generated by org.testng.reporters.JUnitXMLReporter -->
<testsuite hostname="SAJIDs-MBP.fios-router.home" ignored="1" name="Default test" tests="2" failures="0" timestamp="2021-04-11T06:26:18 EDT" time="11.028" errors="0">
  <testcase name="openApplication" time="9.18" classname="com.ChaseBankReturnType.InbuiltReturnTypes"/>
  <testcase name="getTitle" time="0.006" classname="com.ChaseBankReturnType.InbuiltReturnTypes"/>
  <testcase name="getCurrentURL" time="0.0" classname="com.ChaseBankReturnType.InbuiltReturnTypes">
    <ignored/>
  </testcase> <!-- getCurrentURL -->
</testsuite> <!-- Default test -->
