<?xml version="1.0" encoding="UTF-8"?>
<!-- Generated by org.testng.reporters.JUnitXMLReporter -->
<testsuite hostname="DESKTOP-INQUNRP" ignored="5" tests="0" failures="0" timestamp="2021-05-23T15:15:37 EDT" time="0.03" errors="0">
  <testcase name="dropdownTest" time="0.0" classname="com.ChaseBankAction.KeysEnter">
    <ignored/>
  </testcase> <!-- dropdownTest -->
  <testcase name="dropdownTest" time="0.0" classname="com.ChaseBankTestNgGroup.Group1">
    <ignored/>
  </testcase> <!-- dropdownTest -->
  <testcase name="mouseHoverTest" time="0.0" classname="com.ChaseBankTestNgGroup.Group1">
    <ignored/>
  </testcase> <!-- mouseHoverTest -->
  <testcase name="loginTest" time="0.0" classname="com.ChaseBankTestNgGroup.Group1">
    <ignored/>
  </testcase> <!-- loginTest -->
  <testcase name="dropdownTest" time="0.0" classname="com.ChaseBankDropdown.DrowpdownBasics">
    <ignored/>
  </testcase> <!-- dropdownTest -->
</testsuite>
