<?xml version="1.0" encoding="UTF-8"?>
<!-- Generated by org.testng.reporters.JUnitXMLReporter -->
<testsuite hostname="DESKTOP-INQUNRP" ignored="2" name="Test" tests="8" failures="2" timestamp="2021-05-29T15:40:44 EDT" time="0.216" errors="0">
  <testcase name="selectAmountTest" time="0.02" classname="com.ChaseBankTestNgListeners.DepositeTest">
    <failure type="java.lang.AssertionError" message="expected [4] but found [5]">
      <![CDATA[java.lang.AssertionError: expected [4] but found [5]
at com.ChaseBankTestNgListeners.DepositeTest.selectAmountTest(DepositeTest.java:15)
at java.util.ArrayList.forEach(Unknown Source)
... Removed 32 stack frames]]>
    </failure>
  </testcase> <!-- selectAmountTest -->
  <testcase name="confrimAmountTest" time="0.0" classname="com.ChaseBankTestNgListeners.DepositeTest">
    <skipped/>
  </testcase> <!-- confrimAmountTest -->
  <testcase name="checkBalanceTest" time="0.005" classname="com.ChaseBankTestNgListeners.DepositeTest"/>
  <testcase name="logOutTest" time="0.001" classname="com.ChaseBankTestNgListeners.DepositeTest"/>
  <testcase name="userNameTest" time="0.003" classname="com.ChaseBankTestNgListeners.LoginTest"/>
  <testcase name="passwordTest" time="0.003" classname="com.ChaseBankTestNgListeners.LoginTest"/>
  <testcase name="submitTest" time="0.005" classname="com.ChaseBankTestNgListeners.LoginTest">
    <failure type="java.lang.AssertionError" message="expected [5] but found [4]">
      <![CDATA[java.lang.AssertionError: expected [5] but found [4]
at com.ChaseBankTestNgListeners.LoginTest.submitTest(LoginTest.java:23)
at java.util.ArrayList.forEach(Unknown Source)
... Removed 32 stack frames]]>
    </failure>
  </testcase> <!-- submitTest -->
  <testcase name="forgetLinkTest" time="0.0" classname="com.ChaseBankTestNgListeners.LoginTest">
    <skipped/>
  </testcase> <!-- forgetLinkTest -->
  <testcase name="@BeforeTest init" time="0.0" classname="com.ChaseBankTestNgListeners.BaseTest">
    <ignored/>
  </testcase> <!-- @BeforeTest init -->
  <testcase name="@AfterTest destroy" time="0.0" classname="com.ChaseBankTestNgListeners.BaseTest">
    <ignored/>
  </testcase> <!-- @AfterTest destroy -->
</testsuite> <!-- Test -->
