<?xml version="1.0" encoding="UTF-8"?>
<testng-results skipped="0" failed="0" ignored="0" total="1" passed="1">
  <reporter-output>
  </reporter-output>
  <suite name="Default suite" duration-ms="10242" started-at="2021-04-25T16:36:24 EDT" finished-at="2021-04-25T16:36:34 EDT">
    <groups>
    </groups>
    <test name="Default test" duration-ms="10242" started-at="2021-04-25T16:36:24 EDT" finished-at="2021-04-25T16:36:34 EDT">
      <class name="com.ChaseBankCSS.AdvanceCSS2">
        <test-method status="PASS" signature="openBrowser()[pri:0, instance:com.ChaseBankCSS.AdvanceCSS2@3a883ce7]" name="openBrowser" is-config="true" duration-ms="8191" started-at="2021-04-25T16:36:24 EDT" finished-at="2021-04-25T16:36:32 EDT">
          <reporter-output>
          </reporter-output>
        </test-method> <!-- openBrowser -->
        <test-method status="PASS" signature="directFirstChiledCSStest()[pri:2, instance:com.ChaseBankCSS.AdvanceCSS2@3a883ce7]" name="directFirstChiledCSStest" duration-ms="1961" started-at="2021-04-25T16:36:32 EDT" finished-at="2021-04-25T16:36:34 EDT">
          <reporter-output>
          </reporter-output>
        </test-method> <!-- directFirstChiledCSStest -->
      </class> <!-- com.ChaseBankCSS.AdvanceCSS2 -->
    </test> <!-- Default test -->
  </suite> <!-- Default suite -->
</testng-results>
